{"/home/lexmil/git/hub/nodejs-aws-shop-backend/lambda/getProductsById/index.ts": {"path":"/home/lexmil/git/hub/nodejs-aws-shop-backend/lambda/getProductsById/index.ts","statementMap":{"0":{"start":{"line":3,"column":0},"end":{"line":3,"column":46}},"1":{"start":{"line":5,"column":23},"end":{"line":37,"column":1}},"2":{"start":{"line":8,"column":2},"end":{"line":36,"column":3}},"3":{"start":{"line":9,"column":22},"end":{"line":9,"column":46}},"4":{"start":{"line":11,"column":20},"end":{"line":11,"column":62}},"5":{"start":{"line":11,"column":46},"end":{"line":11,"column":61}},"6":{"start":{"line":13,"column":4},"end":{"line":27,"column":10}},"7":{"start":{"line":29,"column":4},"end":{"line":35,"column":6}},"8":{"start":{"line":5,"column":13},"end":{"line":5,"column":23}}},"fnMap":{"0":{"name":"(anonymous_0)","decl":{"start":{"line":5,"column":23},"end":{"line":5,"column":28}},"loc":{"start":{"line":7,"column":36},"end":{"line":37,"column":1}}},"1":{"name":"(anonymous_1)","decl":{"start":{"line":11,"column":34},"end":{"line":11,"column":35}},"loc":{"start":{"line":11,"column":46},"end":{"line":11,"column":61}}}},"branchMap":{"0":{"loc":{"start":{"line":13,"column":11},"end":{"line":27,"column":10}},"type":"cond-expr","locations":[{"start":{"line":14,"column":8},"end":{"line":20,"column":null}},{"start":{"line":21,"column":8},"end":{"line":27,"column":10}}]},"1":{"loc":{"start":{"line":13,"column":11},"end":{"line":13,"column":31}},"type":"binary-expr","locations":[{"start":{"line":13,"column":11},"end":{"line":13,"column":20}},{"start":{"line":13,"column":24},"end":{"line":13,"column":31}}]}},"s":{"0":0,"1":0,"2":0,"3":0,"4":0,"5":0,"6":0,"7":0,"8":0},"f":{"0":0,"1":0},"b":{"0":[0,0],"1":[0,0]}}
,"/home/lexmil/git/hub/nodejs-aws-shop-backend/lambda/getProductsList/index.ts": {"path":"/home/lexmil/git/hub/nodejs-aws-shop-backend/lambda/getProductsList/index.ts","statementMap":{"0":{"start":{"line":7,"column":0},"end":{"line":7,"column":46}},"1":{"start":{"line":9,"column":23},"end":{"line":31,"column":1}},"2":{"start":{"line":12,"column":2},"end":{"line":30,"column":3}},"3":{"start":{"line":13,"column":4},"end":{"line":19,"column":6}},"4":{"start":{"line":21,"column":4},"end":{"line":29,"column":6}},"5":{"start":{"line":9,"column":13},"end":{"line":9,"column":23}}},"fnMap":{"0":{"name":"(anonymous_0)","decl":{"start":{"line":9,"column":23},"end":{"line":9,"column":28}},"loc":{"start":{"line":11,"column":36},"end":{"line":31,"column":1}}}},"branchMap":{},"s":{"0":0,"1":0,"2":0,"3":0,"4":0,"5":0},"f":{"0":0},"b":{}}
}
